{"message":"Bookmark with id 35e04d64-f165-48b3-81f1-ca5f5f234a45 created","level":"info"}
{"message":"Bookmark with id 6f45a383-cab7-4edc-8478-d0ee8cad02d5 created","level":"info"}
{"message":"Bookmark with id 6f45a383-cab7-4edc-8478-d0ee8cad02d5 not found.","level":"error"}
{"message":"Bookmark with id 6f45a383-cab7-4edc-8478-d0ee8cad02d5 not found.","level":"error"}
{"message":"Bookmark with id 2 not found.","level":"error"}
{"message":"Bookmark with id 1 not found.","level":"error"}
{"message":"Bookmark with id 1 not found.","level":"error"}
{"message":"Bookmark with id 2 not found.","level":"error"}
{"message":"Bookmark with id 2 not found.","level":"error"}
{"message":"Bookmark with id 2 deleted.","level":"info"}
{"message":"URL is required","level":"error"}
{"message":"Bookmark with id 4d23f764-3ba7-45f2-980c-f18926f59ecb created","level":"info"}
{"message":"Bookmark with id f258a466-8c5a-4739-a9f7-f5dea57cee13 created","level":"info"}
{"message":"Bookmark with id 1217010c-5515-4d28-b795-b916eee7829d created","level":"info"}
{"message":"Bookmark with id ba9f31db-cd05-4519-9286-a81e1e6918ca created","level":"info"}
{"message":"Bookmark with id 519372fa-f416-4361-a1d2-54e26d8f6310 created","level":"info"}
{"message":"Bookmark with id f3457a82-d9b5-4d09-b1e4-511b62bc02fc created","level":"info"}
{"message":"Bookmark with id 6d9535d3-6ec3-4b5f-9ff0-41834e5c19cf created","level":"info"}
{"message":"Bookmark with id 53a44e38-98c5-47b8-9eb7-73be7553cc8d created","level":"info"}
{"message":"Bookmark with id 06312152-892f-4385-979b-358416429a08 created","level":"info"}
{"message":"Bookmark with id a346454f-6a62-4518-a263-7e3804aefbc0 created","level":"info"}
{"message":"Bookmark with id 851f5507-bb86-4c55-8ca1-e47ec31a4564 created","level":"info"}
{"message":"Bookmark with id 673f4996-c9b1-49cd-98cd-e867b25c717e created","level":"info"}
{"message":"Bookmark with id 30b5531c-bd5d-46c8-ab39-d71c4afce352 created","level":"info"}
{"message":"Bookmark with id d6b1b79c-646b-4783-9550-eed7afbad441 created","level":"info"}
{"message":"Bookmark with id 8017bc25-854a-4e8a-97bb-cb394c8fdf87 created","level":"info"}
{"message":"Bookmark with id e05d80b1-6eeb-41e1-832b-1ebefae63270 created","level":"info"}
{"message":"Bookmark with id 237da6c9-9b96-48ab-9874-adc8b7ffb780 created","level":"info"}
{"message":"Bookmark with id e964e033-39d1-4d14-8437-dc22579c4381 created","level":"info"}
{"message":"Bookmark with id db1b99fa-e4d1-4667-8643-b2a6efd304f5 created","level":"info"}
{"message":"Bookmark with id b8afb452-b8bb-4015-8699-038b7a5eea60 created","level":"info"}
{"message":"Bookmark with id 89a728d9-f72a-4ab4-8218-b91df659f336 created","level":"info"}
{"message":"Bookmark with id 5855d9dc-d4e6-488b-9aeb-9b6265719683 created","level":"info"}
{"message":"Bookmark with id 28557be5-d378-4c95-b3a2-b67783f878e8 created","level":"info"}
{"message":"Bookmark with id 0ecb2132-b621-4df6-918e-45773448ded4 created","level":"info"}
{"message":"Bookmark with id 10bfcac6-91c9-4f23-b8b7-b0c44575804b created","level":"info"}
{"message":"Bookmark with id c5c53d0d-6924-4c37-9098-7aa282cdd416 created","level":"info"}
{"message":"Bookmark with id 2d2f24b5-3d17-48c1-a046-8cd4e1818dfa created","level":"info"}
